2026-05-07 23:01:33,922 - INFO - Validating NULL values for column: salary
2026-05-07 23:01:33,928 - INFO - NULL validation passed for column: salary
2026-05-07 23:21:49,866 - INFO - Database connection created successfully
2026-05-07 23:22:43,985 - INFO - Database connection created successfully
2026-05-07 23:22:44,000 - INFO - 
DATA LOADED INTO SQLITE DATABASE
2026-05-07 23:31:27,930 - INFO - Database connection created successfully
2026-05-07 23:31:27,930 - INFO - Executing query: SELECT COUNT(*) FROM employees
2026-05-07 23:31:28,000 - INFO - Database connection created successfully
2026-05-07 23:31:28,000 - INFO - Executing query: 
    SELECT COUNT(*)
    FROM employees
    WHERE salary IS NULL
    
2026-05-07 23:46:51,985 - INFO - Database connection created successfully
2026-05-07 23:46:52,002 - INFO - DATA LOADED INTO SQLITE DATABASE
2026-05-07 23:47:29,690 - INFO - Database connection created successfully
2026-05-07 23:47:29,690 - INFO - Executing query: SELECT COUNT(*) FROM employees
2026-05-07 23:47:29,690 - INFO - Database connection created successfully
2026-05-07 23:47:29,690 - INFO - Executing query: 
    SELECT COUNT(*)
    FROM employees
    WHERE salary IS NULL
    
2026-05-07 23:59:51,689 - INFO - Database connection created successfully
2026-05-07 23:59:51,690 - INFO - Executing query: SELECT COUNT(*) FROM employees
2026-05-07 23:59:51,694 - INFO - Database connection created successfully
2026-05-07 23:59:51,695 - INFO - Executing query: 
    SELECT COUNT(*)
    FROM employees
    WHERE salary IS NULL
    
2026-05-07 23:59:51,700 - INFO - Database connection created successfully
2026-05-07 23:59:51,708 - INFO - Database connection created successfully
2026-05-07 23:59:51,724 - INFO - Validating NULL values for column: salary
2026-05-07 23:59:51,724 - INFO - NULL validation passed for column: salary
2026-05-08 00:04:55,320 - INFO - Database connection created successfully
2026-05-08 00:04:55,320 - INFO - Executing query: SELECT COUNT(*) FROM employees
2026-05-08 00:04:55,324 - INFO - Database connection created successfully
2026-05-08 00:04:55,325 - INFO - Executing query: 
    SELECT COUNT(*)
    FROM employees
    WHERE salary IS NULL
    
2026-05-08 00:04:55,331 - INFO - Database connection created successfully
2026-05-08 00:04:55,336 - INFO - Database connection created successfully
2026-05-08 00:04:55,345 - INFO - Validating NULL values for column: salary
2026-05-08 00:04:55,345 - INFO - NULL validation passed for column: salary
2026-05-08 00:20:29,306 - INFO - Database connection created successfully
2026-05-08 00:20:29,306 - INFO - Executing query: SELECT COUNT(*) FROM employees
2026-05-08 00:20:29,309 - INFO - Database connection created successfully
2026-05-08 00:20:29,310 - INFO - Executing query: 
    SELECT COUNT(*)
    FROM employees
    WHERE salary IS NULL
    
2026-05-08 00:20:29,316 - INFO - Database connection created successfully
2026-05-08 00:20:29,322 - INFO - Database connection created successfully
2026-05-08 00:20:29,329 - INFO - Validating NULL values for column: salary
2026-05-08 00:20:29,329 - INFO - NULL validation passed for column: salary
2026-05-08 00:22:15,766 - INFO - Database connection created successfully
2026-05-08 00:22:15,782 - INFO - DATA LOADED INTO SQLITE DATABASE
2026-05-08 00:22:21,208 - INFO - Database connection created successfully
2026-05-08 00:22:21,208 - INFO - Executing query: SELECT COUNT(*) FROM employees
2026-05-08 00:22:21,212 - INFO - Database connection created successfully
2026-05-08 00:22:21,212 - INFO - Executing query: 
    SELECT COUNT(*)
    FROM employees
    WHERE salary IS NULL
    
2026-05-08 00:22:21,218 - INFO - Database connection created successfully
2026-05-08 00:22:21,225 - INFO - Database connection created successfully
2026-05-08 00:22:21,234 - INFO - Validating NULL values for column: salary
2026-05-08 00:22:21,234 - INFO - NULL validation passed for column: salary
2026-05-08 23:36:02,052 - INFO - Validating expected columns
2026-05-08 23:36:02,053 - INFO - Expected column validation passed
2026-05-08 23:36:02,056 - INFO - Validating column datatypes
2026-05-08 23:36:02,215 - INFO - Validating column order
2026-05-08 23:36:02,215 - INFO - Column order validation passed
2026-05-08 23:36:51,250 - INFO - Validating expected columns
2026-05-08 23:36:51,250 - INFO - Expected column validation passed
2026-05-08 23:36:51,258 - INFO - Validating column datatypes
2026-05-08 23:36:51,413 - INFO - Validating column order
2026-05-08 23:36:51,413 - INFO - Column order validation passed
2026-05-08 23:37:54,327 - INFO - Validating expected columns
2026-05-08 23:37:54,327 - INFO - Expected column validation passed
2026-05-08 23:37:54,330 - INFO - Validating column datatypes
2026-05-08 23:37:54,493 - INFO - Validating column order
2026-05-08 23:37:54,493 - INFO - Column order validation passed
2026-05-08 23:38:09,332 - INFO - Validating expected columns
2026-05-08 23:38:09,332 - INFO - Expected column validation passed
2026-05-08 23:38:09,345 - INFO - Validating column datatypes
2026-05-08 23:38:09,510 - INFO - Validating column order
2026-05-08 23:38:09,510 - INFO - Column order validation passed
2026-05-08 23:38:15,691 - INFO - Validating expected columns
2026-05-08 23:38:15,691 - INFO - Expected column validation passed
2026-05-08 23:38:15,695 - INFO - Validating column datatypes
2026-05-08 23:38:15,695 - INFO - Datatype validation passed
2026-05-08 23:38:15,698 - INFO - Validating column order
2026-05-08 23:38:15,698 - INFO - Column order validation passed
2026-05-08 23:53:53,541 - INFO - Generating data profile
2026-05-08 23:53:53,571 - INFO - Data profiling completed
2026-05-08 23:56:00,958 - INFO - Generating data profile
2026-05-08 23:56:00,961 - INFO - Data profiling completed
2026-05-08 23:59:54,010 - INFO - Generating data profile
2026-05-08 23:59:54,010 - INFO - Data profiling completed
2026-05-09 00:00:17,434 - INFO - Generating data profile
2026-05-09 00:00:17,444 - INFO - Data profiling completed
2026-05-09 00:02:20,813 - INFO - Generating data profile
2026-05-09 00:02:20,817 - INFO - Data profiling completed
2026-05-09 00:02:37,037 - INFO - Generating data profile
2026-05-09 00:02:37,053 - INFO - Data profiling completed
2026-05-09 00:09:26,035 - INFO - Generating data profile
2026-05-09 00:09:26,037 - INFO - Data profiling completed
2026-05-09 00:14:18,467 - INFO - Generating data profile
2026-05-09 00:14:18,467 - INFO - Data profiling completed
2026-05-09 00:17:57,077 - INFO - Generating data profile
2026-05-09 00:17:57,077 - INFO - Data profiling completed
2026-05-09 00:18:20,584 - INFO - Generating data profile
2026-05-09 00:18:20,584 - INFO - Data profiling completed
2026-05-09 00:19:01,233 - INFO - Generating data profile
2026-05-09 00:19:01,250 - INFO - Data profiling completed
2026-05-09 00:29:07,638 - INFO - Generating data profile
2026-05-09 00:29:07,638 - INFO - Data profiling completed
2026-05-09 00:29:07,638 - INFO - Exporting profile report
2026-05-09 00:29:07,638 - INFO - Profile report exported successfully: reports/profile_report.json
